<?xml version="1.0" encoding="UTF-8"?>
<!-- Generated by org.testng.reporters.JUnitReportReporter -->
<testsuite hostname="DXK" name="tse.testCases.TestMailDeleteTestCase" tests="1" failures="0" timestamp="7 May 2015 05:01:05 GMT" time="7.744" errors="0">
  <testcase name="testMailDelete" time="7.744" classname="tse.testCases.TestMailDeleteTestCase"/>
</testsuite> <!-- tse.testCases.TestMailDeleteTestCase -->
