<?xml version="1.0" encoding="UTF-8"?>
<!-- Generated by org.testng.reporters.JUnitReportReporter -->
<testsuite hostname="DXK" name="tse.testCases.TestGoogleTestCase" tests="2" failures="0" timestamp="7 May 2015 05:01:05 GMT" time="12.858" errors="0">
  <testcase name="testGoogle_2" time="5.936" classname="tse.testCases.TestGoogleTestCase"/>
  <testcase name="testGoogle_1" time="6.922" classname="tse.testCases.TestGoogleTestCase"/>
</testsuite> <!-- tse.testCases.TestGoogleTestCase -->
