<?xml version="1.0" encoding="UTF-8"?>
<!-- Generated by org.testng.reporters.JUnitReportReporter -->
<testsuite hostname="Guangyu@MBP" name="tse.testCases.TestBaiduTestCase" tests="1" failures="0" timestamp="1 May 2015 18:03:23 GMT" time="12.477" errors="0">
  <testcase name="testBaidu_1" time="12.477" classname="tse.testCases.TestBaiduTestCase"/>
</testsuite> <!-- tse.testCases.TestBaiduTestCase -->
