<?xml version="1.0" encoding="UTF-8"?>
<!-- Generated by org.testng.reporters.JUnitReportReporter -->
<testsuite hostname="DXK" name="tse.testCases.TestMailSearchTestCase" tests="1" failures="0" timestamp="7 May 2015 00:55:22 GMT" time="18.962" errors="0">
  <testcase name="testMailSearch" time="18.962" classname="tse.testCases.TestMailSearchTestCase"/>
</testsuite> <!-- tse.testCases.TestMailSearchTestCase -->
