<?xml version="1.0" encoding="UTF-8"?>
<!-- Generated by org.testng.reporters.JUnitReportReporter -->
<testsuite hostname="DXK" name="tse.testCases.TestMailDeleteTestCase" tests="1" failures="0" timestamp="6 May 2015 23:56:19 GMT" time="12.603" errors="0">
  <testcase name="testMailDelete" time="12.603" classname="tse.testCases.TestMailDeleteTestCase"/>
</testsuite> <!-- tse.testCases.TestMailDeleteTestCase -->
