<?xml version="1.0" encoding="UTF-8"?>
<!-- Generated by org.testng.reporters.JUnitReportReporter -->
<testsuite hostname="Guangyu@MBP" name="tse.testCases.TestMailLoginTestCase" tests="1" failures="0" timestamp="4 May 2015 02:32:08 GMT" time="10.931" errors="0">
  <testcase name="testMailLogin" time="10.931" classname="tse.testCases.TestMailLoginTestCase"/>
</testsuite> <!-- tse.testCases.TestMailLoginTestCase -->
