<?xml version="1.0" encoding="UTF-8"?>
<!-- Generated by org.testng.reporters.JUnitReportReporter -->
<testsuite hostname="Guangyu@MBP" name="tse.testCases.TestGoogleTestCase" tests="2" failures="0" timestamp="4 May 2015 01:35:34 GMT" time="22.156" errors="0">
  <testcase name="testGoogle_1" time="10.729" classname="tse.testCases.TestGoogleTestCase"/>
  <testcase name="testGoogle_2" time="11.427" classname="tse.testCases.TestGoogleTestCase"/>
</testsuite> <!-- tse.testCases.TestGoogleTestCase -->
