<?xml version="1.0" encoding="UTF-8"?>
<!-- Generated by org.testng.reporters.JUnitReportReporter -->
<testsuite hostname="DXK" name="tse.testCases.TestMailSendTestCase" tests="1" failures="0" timestamp="6 May 2015 21:10:23 GMT" time="9.554" errors="0">
  <testcase name="testMailSend" time="9.554" classname="tse.testCases.TestMailSendTestCase"/>
</testsuite> <!-- tse.testCases.TestMailSendTestCase -->
