<?xml version="1.0" encoding="UTF-8"?>
<!-- Generated by org.testng.reporters.JUnitReportReporter -->
<testsuite hostname="DXK" name="tse.testCases.TestBingTestCase" tests="1" failures="0" timestamp="7 May 2015 02:23:28 GMT" time="11.927" errors="0">
  <testcase name="testBing_1" time="11.927" classname="tse.testCases.TestBingTestCase"/>
</testsuite> <!-- tse.testCases.TestBingTestCase -->
