<?xml version="1.0" encoding="UTF-8"?>
<!-- Generated by org.testng.reporters.JUnitReportReporter -->
<testsuite hostname="DXK" name="tse.testCases.TestMailSendTestCase" tests="1" failures="0" timestamp="7 May 2015 05:01:05 GMT" time="11.186" errors="0">
  <testcase name="testMailSend" time="11.186" classname="tse.testCases.TestMailSendTestCase"/>
</testsuite> <!-- tse.testCases.TestMailSendTestCase -->
