<?xml version="1.0" encoding="UTF-8"?>
<!-- Generated by org.testng.reporters.JUnitReportReporter -->
<testsuite hostname="Guangyu@MBP" name="tse.testCases.TestBingTestCase" tests="1" failures="0" timestamp="3 May 2015 03:04:57 GMT" time="10.478" errors="0">
  <testcase name="testBing_1" time="10.478" classname="tse.testCases.TestBingTestCase"/>
</testsuite> <!-- tse.testCases.TestBingTestCase -->
