<?xml version="1.0" encoding="UTF-8"?>
<!-- Generated by org.testng.reporters.JUnitReportReporter -->
<testsuite hostname="DXK" name="tse.testCases.TestMailLoginTestCase" tests="1" failures="0" timestamp="6 May 2015 20:45:29 GMT" time="12.100" errors="0">
  <testcase name="testMailLogin" time="12.100" classname="tse.testCases.TestMailLoginTestCase"/>
</testsuite> <!-- tse.testCases.TestMailLoginTestCase -->
