<?xml version="1.0" encoding="UTF-8"?>
<!-- Generated by org.testng.reporters.JUnitReportReporter -->
<testsuite hostname="Guangyu@MBP" name="tse.testCases.TestMailLoginTestCase" tests="1" failures="0" timestamp="1 May 2015 21:52:23 GMT" time="10.789" errors="0">
  <testcase name="testMailLogin_1" time="10.789" classname="tse.testCases.TestMailLoginTestCase"/>
</testsuite> <!-- tse.testCases.TestMailLoginTestCase -->
