<?xml version="1.0" encoding="UTF-8"?>
<!-- Generated by org.testng.reporters.JUnitReportReporter -->
<testsuite hostname="Guangyu@MBP" name="tse.testCases.TestGoogleTestCase" tests="2" failures="0" timestamp="3 May 2015 03:04:57 GMT" time="22.971" errors="0">
  <testcase name="testGoogle_1" time="10.965" classname="tse.testCases.TestGoogleTestCase"/>
  <testcase name="testGoogle_2" time="12.006" classname="tse.testCases.TestGoogleTestCase"/>
</testsuite> <!-- tse.testCases.TestGoogleTestCase -->
