<?xml version="1.0" encoding="UTF-8"?>
<!-- Generated by org.testng.reporters.JUnitReportReporter -->
<testsuite hostname="Guangyu@MBP" name="tse.testCases.TestBaiduTestCase" tests="1" failures="0" timestamp="3 May 2015 03:04:57 GMT" time="12.274" errors="0">
  <testcase name="testBaidu_1" time="12.274" classname="tse.testCases.TestBaiduTestCase"/>
</testsuite> <!-- tse.testCases.TestBaiduTestCase -->
