<?xml version="1.0" encoding="UTF-8"?>
<!-- Generated by org.testng.reporters.JUnitReportReporter -->
<testsuite hostname="Guangyu@MBP" name="tse.testCases.TestGoogleTestCase" tests="2" failures="0" timestamp="1 May 2015 18:03:23 GMT" time="22.405" errors="0">
  <testcase name="testGoogle_2" time="11.450" classname="tse.testCases.TestGoogleTestCase"/>
  <testcase name="testGoogle_1" time="10.955" classname="tse.testCases.TestGoogleTestCase"/>
</testsuite> <!-- tse.testCases.TestGoogleTestCase -->
