<?xml version="1.0" encoding="UTF-8"?>
<!-- Generated by org.testng.reporters.JUnitReportReporter -->
<testsuite hostname="DXK" name="tse.testCases.TestMailTestCase" tests="3" failures="0" timestamp="7 May 2015 04:34:02 GMT" time="28.694" errors="0">
  <testcase name="testMailSearch" time="8.429" classname="tse.testCases.TestMailTestCase"/>
  <testcase name="testMailSend" time="9.367" classname="tse.testCases.TestMailTestCase"/>
  <testcase name="testMailLogin" time="10.898" classname="tse.testCases.TestMailTestCase"/>
</testsuite> <!-- tse.testCases.TestMailTestCase -->
