<?xml version="1.0" encoding="UTF-8"?>
<!-- Generated by org.testng.reporters.JUnitReportReporter -->
<testsuite hostname="DXK" name="tse.testCases.TestMailLoginTestCase" tests="1" failures="0" timestamp="7 May 2015 01:31:30 GMT" time="11.150" errors="0">
  <testcase name="testMailLogin" time="11.150" classname="tse.testCases.TestMailLoginTestCase"/>
</testsuite> <!-- tse.testCases.TestMailLoginTestCase -->
