<?xml version="1.0" encoding="UTF-8"?>
<!-- Generated by org.testng.reporters.JUnitReportReporter -->
<testsuite hostname="DXK" name="tse.testCases.TestMailSendTestCase" tests="1" failures="0" timestamp="7 May 2015 01:33:03 GMT" time="16.003" errors="0">
  <testcase name="testMailSend" time="16.003" classname="tse.testCases.TestMailSendTestCase"/>
</testsuite> <!-- tse.testCases.TestMailSendTestCase -->
