<?xml version="1.0" encoding="UTF-8"?>
<!-- Generated by org.testng.reporters.JUnitReportReporter -->
<testsuite hostname="DXK" name="tse.testCases.TestMailSendTestCase" tests="1" failures="0" timestamp="6 May 2015 21:34:39 GMT" time="15.688" errors="0">
  <testcase name="testMailSend" time="15.688" classname="tse.testCases.TestMailSendTestCase"/>
</testsuite> <!-- tse.testCases.TestMailSendTestCase -->
