<?xml version="1.0" encoding="UTF-8"?>
<!-- Generated by org.testng.reporters.JUnitReportReporter -->
<testsuite hostname="DXK" name="tse.testCases.TestBaiduTestCase" tests="1" failures="0" timestamp="7 May 2015 02:23:28 GMT" time="20.579" errors="0">
  <testcase name="testBaidu_1" time="20.579" classname="tse.testCases.TestBaiduTestCase"/>
</testsuite> <!-- tse.testCases.TestBaiduTestCase -->
