<?xml version="1.0" encoding="UTF-8"?>
<!-- Generated by org.testng.reporters.JUnitReportReporter -->
<testsuite hostname="DXK" name="tse.testCases.TestMailLoginTestCase" tests="1" failures="0" timestamp="4 May 2015 05:22:43 GMT" time="12.041" errors="0">
  <testcase name="testMailLogin" time="12.041" classname="tse.testCases.TestMailLoginTestCase"/>
</testsuite> <!-- tse.testCases.TestMailLoginTestCase -->
