<?xml version="1.0" encoding="UTF-8"?>
<!-- Generated by org.testng.reporters.JUnitReportReporter -->
<testsuite hostname="DXK" name="tse.testCases.TestMailSearchTestCase" tests="1" failures="0" timestamp="7 May 2015 05:01:05 GMT" time="9.605" errors="0">
  <testcase name="testMailSearch" time="9.605" classname="tse.testCases.TestMailSearchTestCase"/>
</testsuite> <!-- tse.testCases.TestMailSearchTestCase -->
